2022.10.31 01:28:47 INFO  tracing is disabled for protocol LSP, to enable tracing of incoming and outgoing JSON messages create an empty file at c:\Projects\FreeMedia\FreeMedia\.metals\lsp.trace.json or C:\Users\Siddh\AppData\Local\scalameta\metals\cache\lsp.trace.json
2022.10.31 01:28:49 INFO  logging to file C:\Projects\FreeMedia\FreeMedia\.metals\metals.log
2022.10.31 01:28:49 INFO  Started: Metals version 0.11.9 in workspace 'C:\Projects\FreeMedia\FreeMedia' for client Visual Studio Code 1.72.2.
2022.10.31 01:28:52 INFO  time: initialize in 3.14s
2022.10.31 01:28:52 WARN  Build server is not auto-connectable.
2022.10.31 01:32:09 WARN  no build target for: C:\Projects\FreeMedia\FreeMedia\app\controllers\base.scala
2022.10.31 01:32:12 INFO  no build target found for C:\Projects\FreeMedia\FreeMedia\app\controllers\base.scala. Using presentation compiler with project's scala-library version: 3.2.0
2022.10.31 01:32:14 INFO  time: code lens generation in 3.87s
2022.10.31 01:32:35 WARN  no build target for: C:\Projects\FreeMedia\FreeMedia\app\controllers\base.scala
2022.10.31 01:32:36 WARN  no build target for: C:\Projects\FreeMedia\FreeMedia\app\controllers\base.scala
2022.10.31 01:32:39 WARN  no build target for: C:\Projects\FreeMedia\FreeMedia\app\controllers\base.scala
2022.10.31 01:33:07 WARN  no build target for: C:\Projects\FreeMedia\FreeMedia\app\controllers\base.scala
2022.10.31 01:33:26 WARN  no build target for: C:\Projects\FreeMedia\FreeMedia\app\controllers\HomeController.scala
2022.10.31 01:34:54 WARN  no build target for: C:\Projects\FreeMedia\FreeMedia\app\controllers\base.scala
2022.10.31 01:36:30 WARN  no build target for: C:\Projects\FreeMedia\FreeMedia\app\controllers\base.scala
2022.10.31 01:36:31 WARN  no build target for: C:\Projects\FreeMedia\FreeMedia\app\controllers\base.scala
2022.10.31 01:36:33 WARN  no build target for: C:\Projects\FreeMedia\FreeMedia\app\controllers\base.scala
2022.10.31 01:40:34 WARN  no build target for: C:\Projects\FreeMedia\FreeMedia\app\models\TaskListInMemoryModel.scala
2022.10.31 01:42:07 WARN  no build target for: C:\Projects\FreeMedia\FreeMedia\app\controllers\base.scala
2022.10.31 01:42:10 WARN  no build target for: C:\Projects\FreeMedia\FreeMedia\app\controllers\base.scala
2022.10.31 01:42:42 WARN  no build target for: C:\Projects\FreeMedia\FreeMedia\app\controllers\base.scala
2022.10.31 01:43:46 WARN  no build target for: C:\Projects\FreeMedia\FreeMedia\app\controllers\HomeController.scala
2022.10.31 01:43:54 WARN  no build target for: C:\Projects\FreeMedia\FreeMedia\app\controllers\HomeController.scala
2022.10.31 01:44:21 WARN  no build target for: C:\Projects\FreeMedia\FreeMedia\app\controllers\base.scala
2022.10.31 02:47:29 INFO  shutting down Metals
2022.10.31 12:55:18 INFO  tracing is disabled for protocol LSP, to enable tracing of incoming and outgoing JSON messages create an empty file at c:\Projects\FreeMedia\FreeMedia\.metals\lsp.trace.json or C:\Users\Siddh\AppData\Local\scalameta\metals\cache\lsp.trace.json
2022.10.31 12:55:19 INFO  logging to file C:\Projects\FreeMedia\FreeMedia\.metals\metals.log
2022.10.31 12:55:19 INFO  Started: Metals version 0.11.9 in workspace 'C:\Projects\FreeMedia\FreeMedia' for client Visual Studio Code 1.72.2.
2022.10.31 12:55:22 INFO  time: initialize in 3.07s
2022.10.31 12:55:23 WARN  Build server is not auto-connectable.
2022.10.31 12:55:23 WARN  no build target for: C:\Projects\FreeMedia\FreeMedia\app\controllers\base.scala
2022.10.31 12:55:26 INFO  no build target found for C:\Projects\FreeMedia\FreeMedia\app\controllers\base.scala. Using presentation compiler with project's scala-library version: 3.2.0
2022.10.31 12:55:30 INFO  time: code lens generation in 5.93s
2022.10.31 13:01:56 WARN  no build target for: C:\Projects\FreeMedia\FreeMedia\app\models\TaskListInMemoryModel.scala
Exception in thread "pool-3-thread-1" java.lang.Error: java.lang.InterruptedException
	at java.util.concurrent.ThreadPoolExecutor.runWorker(ThreadPoolExecutor.java:1155)
	at java.util.concurrent.ThreadPoolExecutor$Worker.run(ThreadPoolExecutor.java:624)
	at java.lang.Thread.run(Thread.java:750)
Caused by: java.lang.InterruptedException
	at scala.meta.internal.metals.FutureCancelToken.checkCanceled(FutureCancelToken.scala:29)
	at scala.meta.internal.pc.CompilerAccess.onCompilerJobQueue$$anonfun$1(CompilerAccess.scala:195)
	at scala.meta.internal.pc.CompilerJobQueue$Job.run(CompilerJobQueue.scala:152)
	at java.util.concurrent.ThreadPoolExecutor.runWorker(ThreadPoolExecutor.java:1149)
	... 2 more
2022.10.31 13:02:41 WARN  no build target for: C:\Projects\FreeMedia\FreeMedia\app\models\TaskListInMemoryModel.scala
2022.10.31 13:30:13 WARN  no build target for: C:\Projects\FreeMedia\FreeMedia\app\controllers\base.scala
2022.10.31 13:30:14 WARN  no build target for: C:\Projects\FreeMedia\FreeMedia\app\controllers\base.scala
2022.10.31 13:30:16 WARN  no build target for: C:\Projects\FreeMedia\FreeMedia\app\controllers\base.scala
2022.10.31 13:46:07 WARN  no build target for: C:\Projects\FreeMedia\FreeMedia\app\controllers\base.scala
2022.10.31 13:46:10 WARN  no build target for: C:\Projects\FreeMedia\FreeMedia\app\controllers\base.scala
2022.10.31 13:51:23 WARN  no build target for: C:\Projects\FreeMedia\FreeMedia\app\controllers\base.scala
2022.10.31 13:52:42 WARN  no build target for: C:\Projects\FreeMedia\FreeMedia\app\controllers\HomeController.scala
2022.10.31 14:00:27 WARN  no build target for: C:\Projects\FreeMedia\FreeMedia\app\controllers\base.scala
2022.10.31 14:00:30 WARN  no build target for: C:\Projects\FreeMedia\FreeMedia\app\controllers\base.scala
2022.10.31 14:00:33 WARN  no build target for: C:\Projects\FreeMedia\FreeMedia\app\controllers\base.scala
Oct 31, 2022 2:00:34 PM org.eclipse.lsp4j.jsonrpc.RemoteEndpoint handleCancellation
WARNING: Unmatched cancel notification for request id 270
2022.10.31 14:00:37 WARN  no build target for: C:\Projects\FreeMedia\FreeMedia\app\controllers\base.scala
2022.10.31 14:00:39 WARN  no build target for: C:\Projects\FreeMedia\FreeMedia\app\controllers\base.scala
2022.10.31 14:00:44 WARN  no build target for: C:\Projects\FreeMedia\FreeMedia\app\controllers\base.scala
2022.10.31 14:00:52 WARN  no build target for: C:\Projects\FreeMedia\FreeMedia\app\controllers\base.scala
2022.10.31 14:00:54 WARN  no build target for: C:\Projects\FreeMedia\FreeMedia\app\controllers\base.scala
2022.10.31 14:01:02 WARN  no build target for: C:\Projects\FreeMedia\FreeMedia\app\controllers\base.scala
2022.10.31 14:01:05 WARN  no build target for: C:\Projects\FreeMedia\FreeMedia\app\controllers\base.scala
2022.10.31 14:01:55 WARN  no build target for: C:\Projects\FreeMedia\FreeMedia\app\controllers\base.scala
2022.10.31 14:01:57 WARN  no build target for: C:\Projects\FreeMedia\FreeMedia\app\controllers\base.scala
2022.10.31 14:02:13 WARN  no build target for: C:\Projects\FreeMedia\FreeMedia\app\controllers\base.scala
2022.10.31 14:02:21 WARN  no build target for: C:\Projects\FreeMedia\FreeMedia\app\controllers\base.scala
2022.10.31 14:03:06 WARN  no build target for: C:\Projects\FreeMedia\FreeMedia\app\controllers\base.scala
2022.10.31 14:03:41 WARN  no build target for: C:\Projects\FreeMedia\FreeMedia\app\models\TaskListInMemoryModel.scala
2022.10.31 14:29:20 WARN  no build target for: C:\Projects\FreeMedia\FreeMedia\app\controllers\base.scala
2022.10.31 14:41:26 WARN  no build target for: C:\Projects\FreeMedia\FreeMedia\app\controllers\base.scala
2022.10.31 14:41:53 WARN  no build target for: C:\Projects\FreeMedia\FreeMedia\app\controllers\base.scala
2022.10.31 14:41:55 WARN  no build target for: C:\Projects\FreeMedia\FreeMedia\app\controllers\base.scala
Oct 31, 2022 2:47:13 PM org.eclipse.lsp4j.jsonrpc.services.GenericEndpoint notify
INFO: Unsupported notification method: $/setTrace
2022.10.31 15:07:33 WARN  no build target for: C:\Projects\FreeMedia\FreeMedia\app\controllers\base.scala
2022.10.31 15:07:39 WARN  no build target for: C:\Projects\FreeMedia\FreeMedia\app\controllers\base.scala
2022.10.31 15:07:49 WARN  no build target for: C:\Projects\FreeMedia\FreeMedia\app\controllers\base.scala
2022.10.31 15:07:55 WARN  no build target for: C:\Projects\FreeMedia\FreeMedia\app\controllers\base.scala
2022.10.31 15:59:32 WARN  no build target for: C:\Projects\FreeMedia\FreeMedia\app\controllers\base.scala
2022.10.31 17:14:15 INFO  shutting down Metals
2022.10.31 17:29:38 INFO  tracing is disabled for protocol LSP, to enable tracing of incoming and outgoing JSON messages create an empty file at c:\Projects\FreeMedia\FreeMedia\.metals\lsp.trace.json or C:\Users\Siddh\AppData\Local\scalameta\metals\cache\lsp.trace.json
2022.10.31 17:29:39 INFO  logging to file C:\Projects\FreeMedia\FreeMedia\.metals\metals.log
2022.10.31 17:29:39 INFO  Started: Metals version 0.11.9 in workspace 'C:\Projects\FreeMedia\FreeMedia' for client Visual Studio Code 1.72.2.
2022.10.31 17:29:40 INFO  time: initialize in 1.32s
2022.10.31 17:29:40 WARN  Build server is not auto-connectable.
2022.10.31 17:47:00 WARN  no build target for: C:\Projects\FreeMedia\FreeMedia\app\controllers\base.scala
2022.10.31 17:47:02 INFO  no build target found for C:\Projects\FreeMedia\FreeMedia\app\controllers\base.scala. Using presentation compiler with project's scala-library version: 3.2.0
2022.10.31 17:47:04 INFO  time: code lens generation in 2.96s
2022.10.31 17:47:06 WARN  no build target for: C:\Projects\FreeMedia\FreeMedia\app\controllers\base.scala
2022.10.31 17:47:08 WARN  no build target for: C:\Projects\FreeMedia\FreeMedia\app\controllers\base.scala
2022.10.31 17:47:12 WARN  no build target for: C:\Projects\FreeMedia\FreeMedia\app\controllers\base.scala
Oct 31, 2022 5:47:31 PM org.eclipse.lsp4j.jsonrpc.RemoteEndpoint handleCancellation
WARNING: Unmatched cancel notification for request id 49
2022.10.31 17:47:50 WARN  no build target for: C:\Projects\FreeMedia\FreeMedia\app\controllers\base.scala
Oct 31, 2022 5:47:53 PM org.eclipse.lsp4j.jsonrpc.RemoteEndpoint handleCancellation
WARNING: Unmatched cancel notification for request id 76
2022.10.31 17:48:00 WARN  no build target for: C:\Projects\FreeMedia\FreeMedia\app\controllers\base.scala
Oct 31, 2022 5:48:57 PM org.eclipse.lsp4j.jsonrpc.RemoteEndpoint handleCancellation
WARNING: Unmatched cancel notification for request id 132
2022.10.31 17:49:06 WARN  no build target for: C:\Projects\FreeMedia\FreeMedia\app\controllers\base.scala
2022.10.31 17:49:11 WARN  no build target for: C:\Projects\FreeMedia\FreeMedia\app\controllers\base.scala
2022.10.31 17:49:16 WARN  no build target for: C:\Projects\FreeMedia\FreeMedia\app\controllers\base.scala
2022.10.31 17:49:17 WARN  no build target for: C:\Projects\FreeMedia\FreeMedia\app\controllers\base.scala
2022.10.31 17:49:26 WARN  no build target for: C:\Projects\FreeMedia\FreeMedia\app\controllers\base.scala
2022.10.31 17:54:27 WARN  no build target for: C:\Projects\FreeMedia\FreeMedia\app\controllers\base.scala
2022.10.31 17:54:31 WARN  no build target for: C:\Projects\FreeMedia\FreeMedia\app\controllers\base.scala
2022.10.31 17:54:32 WARN  no build target for: C:\Projects\FreeMedia\FreeMedia\app\controllers\base.scala
2022.10.31 17:54:37 WARN  no build target for: C:\Projects\FreeMedia\FreeMedia\app\controllers\base.scala
2022.10.31 17:54:38 WARN  no build target for: C:\Projects\FreeMedia\FreeMedia\app\controllers\base.scala
Oct 31, 2022 5:54:38 PM org.eclipse.lsp4j.jsonrpc.RemoteEndpoint handleCancellation
WARNING: Unmatched cancel notification for request id 261
2022.10.31 17:54:43 WARN  no build target for: C:\Projects\FreeMedia\FreeMedia\app\controllers\base.scala
2022.10.31 17:54:47 WARN  no build target for: C:\Projects\FreeMedia\FreeMedia\app\controllers\base.scala
2022.10.31 17:55:00 WARN  no build target for: C:\Projects\FreeMedia\FreeMedia\app\controllers\base.scala
2022.10.31 17:55:03 WARN  no build target for: C:\Projects\FreeMedia\FreeMedia\app\controllers\base.scala
2022.10.31 18:08:05 WARN  no build target for: C:\Projects\FreeMedia\FreeMedia\app\controllers\HomeController.scala
2022.10.31 18:10:45 WARN  no build target for: C:\Projects\FreeMedia\FreeMedia\app\controllers\base.scala
2022.10.31 18:10:52 WARN  no build target for: C:\Projects\FreeMedia\FreeMedia\app\controllers\base.scala
2022.10.31 18:11:19 WARN  no build target for: C:\Projects\FreeMedia\FreeMedia\app\controllers\base.scala
2022.10.31 18:11:23 WARN  no build target for: C:\Projects\FreeMedia\FreeMedia\app\controllers\base.scala
2022.10.31 18:44:48 WARN  no build target for: C:\Projects\FreeMedia\FreeMedia\app\controllers\base.scala
2022.10.31 20:43:13 INFO  shutting down Metals
2022.10.31 21:14:25 INFO  tracing is disabled for protocol LSP, to enable tracing of incoming and outgoing JSON messages create an empty file at c:\Projects\FreeMedia\FreeMedia\.metals\lsp.trace.json or C:\Users\Siddh\AppData\Local\scalameta\metals\cache\lsp.trace.json
2022.10.31 21:14:25 INFO  logging to file C:\Projects\FreeMedia\FreeMedia\.metals\metals.log
2022.10.31 21:14:25 INFO  Started: Metals version 0.11.9 in workspace 'C:\Projects\FreeMedia\FreeMedia' for client Visual Studio Code 1.72.2.
2022.10.31 21:14:27 INFO  time: initialize in 1.44s
2022.10.31 21:14:27 WARN  Build server is not auto-connectable.
2022.10.31 21:21:03 WARN  no build target for: C:\Projects\FreeMedia\FreeMedia\app\controllers\base.scala
2022.10.31 21:21:07 INFO  no build target found for C:\Projects\FreeMedia\FreeMedia\app\controllers\base.scala. Using presentation compiler with project's scala-library version: 3.2.0
2022.10.31 21:21:12 INFO  time: code lens generation in 7.24s
2022.10.31 21:21:12 INFO  time: code lens generation in 4.06s
2022.10.31 21:54:22 WARN  no build target for: C:\Projects\FreeMedia\FreeMedia\app\controllers\HomeController.scala
2022.10.31 21:58:11 WARN  no build target for: C:\Projects\FreeMedia\FreeMedia\app\controllers\base.scala
2022.10.31 21:58:20 WARN  no build target for: C:\Projects\FreeMedia\FreeMedia\app\controllers\base.scala
2022.10.31 21:58:23 WARN  no build target for: C:\Projects\FreeMedia\FreeMedia\app\controllers\base.scala
2022.10.31 21:58:41 WARN  no build target for: C:\Projects\FreeMedia\FreeMedia\app\controllers\base.scala
Oct 31, 2022 9:58:47 PM org.eclipse.lsp4j.jsonrpc.RemoteEndpoint handleCancellation
WARNING: Unmatched cancel notification for request id 242
2022.10.31 21:58:49 WARN  no build target for: C:\Projects\FreeMedia\FreeMedia\app\controllers\base.scala
2022.10.31 22:01:43 WARN  no build target for: C:\Projects\FreeMedia\FreeMedia\app\controllers\base.scala
2022.10.31 22:01:51 WARN  no build target for: C:\Projects\FreeMedia\FreeMedia\app\controllers\base.scala
2022.10.31 22:01:53 WARN  no build target for: C:\Projects\FreeMedia\FreeMedia\app\controllers\base.scala
2022.10.31 22:01:59 WARN  no build target for: C:\Projects\FreeMedia\FreeMedia\app\controllers\base.scala
2022.10.31 22:02:08 WARN  no build target for: C:\Projects\FreeMedia\FreeMedia\app\controllers\base.scala
2022.10.31 22:02:11 WARN  no build target for: C:\Projects\FreeMedia\FreeMedia\app\controllers\base.scala
Oct 31, 2022 10:02:14 PM org.eclipse.lsp4j.jsonrpc.RemoteEndpoint handleCancellation
WARNING: Unmatched cancel notification for request id 355
2022.10.31 22:02:17 WARN  no build target for: C:\Projects\FreeMedia\FreeMedia\app\controllers\base.scala
2022.10.31 22:02:19 WARN  no build target for: C:\Projects\FreeMedia\FreeMedia\app\controllers\base.scala
2022.10.31 22:04:15 WARN  no build target for: C:\Projects\FreeMedia\FreeMedia\app\controllers\base.scala
2022.10.31 22:15:56 WARN  no build target for: C:\Projects\FreeMedia\FreeMedia\app\controllers\base.scala
2022.10.31 22:16:09 WARN  no build target for: C:\Projects\FreeMedia\FreeMedia\app\controllers\base.scala
2022.10.31 22:16:10 WARN  no build target for: C:\Projects\FreeMedia\FreeMedia\app\controllers\base.scala
2022.10.31 22:16:14 WARN  no build target for: C:\Projects\FreeMedia\FreeMedia\app\controllers\base.scala
2022.10.31 22:16:16 WARN  no build target for: C:\Projects\FreeMedia\FreeMedia\app\controllers\base.scala
2022.10.31 22:16:20 WARN  no build target for: C:\Projects\FreeMedia\FreeMedia\app\controllers\base.scala
2022.10.31 22:16:28 WARN  no build target for: C:\Projects\FreeMedia\FreeMedia\app\controllers\base.scala
2022.10.31 22:16:30 WARN  no build target for: C:\Projects\FreeMedia\FreeMedia\app\controllers\base.scala
2022.10.31 22:16:35 WARN  no build target for: C:\Projects\FreeMedia\FreeMedia\app\controllers\base.scala
2022.10.31 22:16:36 WARN  no build target for: C:\Projects\FreeMedia\FreeMedia\app\controllers\base.scala
2022.10.31 22:16:38 WARN  no build target for: C:\Projects\FreeMedia\FreeMedia\app\controllers\base.scala
2022.10.31 22:16:40 WARN  no build target for: C:\Projects\FreeMedia\FreeMedia\app\controllers\base.scala
2022.10.31 22:16:43 WARN  no build target for: C:\Projects\FreeMedia\FreeMedia\app\controllers\base.scala
2022.10.31 22:19:36 WARN  no build target for: C:\Projects\FreeMedia\FreeMedia\app\controllers\base.scala
Oct 31, 2022 10:19:42 PM org.eclipse.lsp4j.jsonrpc.RemoteEndpoint handleCancellation
WARNING: Unmatched cancel notification for request id 598
2022.10.31 22:19:50 WARN  no build target for: C:\Projects\FreeMedia\FreeMedia\app\controllers\base.scala
2022.10.31 22:19:52 WARN  no build target for: C:\Projects\FreeMedia\FreeMedia\app\controllers\base.scala
2022.10.31 22:20:08 WARN  no build target for: C:\Projects\FreeMedia\FreeMedia\app\controllers\base.scala
2022.10.31 22:23:49 WARN  no build target for: C:\Projects\FreeMedia\FreeMedia\app\controllers\base.scala
2022.10.31 22:23:51 WARN  no build target for: C:\Projects\FreeMedia\FreeMedia\app\controllers\base.scala
2022.10.31 22:23:52 WARN  no build target for: C:\Projects\FreeMedia\FreeMedia\app\controllers\base.scala
2022.10.31 22:23:58 WARN  no build target for: C:\Projects\FreeMedia\FreeMedia\app\controllers\base.scala
2022.10.31 22:24:04 WARN  no build target for: C:\Projects\FreeMedia\FreeMedia\app\controllers\base.scala
2022.10.31 22:24:07 WARN  no build target for: C:\Projects\FreeMedia\FreeMedia\app\controllers\base.scala
2022.10.31 22:24:20 WARN  no build target for: C:\Projects\FreeMedia\FreeMedia\app\controllers\base.scala
2022.10.31 22:24:28 WARN  no build target for: C:\Projects\FreeMedia\FreeMedia\app\controllers\base.scala
Oct 31, 2022 10:24:29 PM org.eclipse.lsp4j.jsonrpc.RemoteEndpoint handleCancellation
WARNING: Unmatched cancel notification for request id 769
2022.10.31 22:24:30 WARN  no build target for: C:\Projects\FreeMedia\FreeMedia\app\controllers\base.scala
2022.10.31 22:34:06 WARN  no build target for: C:\Projects\FreeMedia\FreeMedia\app\controllers\base.scala
2022.10.31 22:34:08 WARN  no build target for: C:\Projects\FreeMedia\FreeMedia\app\controllers\base.scala
2022.10.31 22:34:14 WARN  no build target for: C:\Projects\FreeMedia\FreeMedia\app\controllers\base.scala
2022.10.31 22:34:21 WARN  no build target for: C:\Projects\FreeMedia\FreeMedia\app\controllers\base.scala
2022.10.31 22:34:22 WARN  no build target for: C:\Projects\FreeMedia\FreeMedia\app\controllers\base.scala
2022.10.31 22:34:23 WARN  no build target for: C:\Projects\FreeMedia\FreeMedia\app\controllers\base.scala
2022.10.31 22:34:29 WARN  no build target for: C:\Projects\FreeMedia\FreeMedia\app\controllers\base.scala
2022.10.31 22:34:33 WARN  no build target for: C:\Projects\FreeMedia\FreeMedia\app\controllers\base.scala
2022.10.31 22:35:01 WARN  no build target for: C:\Projects\FreeMedia\FreeMedia\app\controllers\base.scala
2022.10.31 22:35:03 WARN  no build target for: C:\Projects\FreeMedia\FreeMedia\app\controllers\base.scala
2022.10.31 22:35:04 WARN  no build target for: C:\Projects\FreeMedia\FreeMedia\app\controllers\base.scala
2022.10.31 22:47:00 WARN  no build target for: C:\Projects\FreeMedia\FreeMedia\app\controllers\base.scala
2022.10.31 22:47:05 WARN  no build target for: C:\Projects\FreeMedia\FreeMedia\app\controllers\base.scala
2022.10.31 23:09:38 WARN  no build target for: C:\Projects\FreeMedia\FreeMedia\app\controllers\base.scala
2022.10.31 23:09:40 WARN  no build target for: C:\Projects\FreeMedia\FreeMedia\app\controllers\base.scala
2022.10.31 23:09:43 WARN  no build target for: C:\Projects\FreeMedia\FreeMedia\app\controllers\base.scala
2022.10.31 23:09:44 WARN  no build target for: C:\Projects\FreeMedia\FreeMedia\app\controllers\base.scala
2022.10.31 23:09:46 WARN  no build target for: C:\Projects\FreeMedia\FreeMedia\app\controllers\base.scala
Oct 31, 2022 11:09:48 PM org.eclipse.lsp4j.jsonrpc.RemoteEndpoint handleCancellation
WARNING: Unmatched cancel notification for request id 1035
2022.10.31 23:09:50 WARN  no build target for: C:\Projects\FreeMedia\FreeMedia\app\controllers\base.scala
2022.10.31 23:09:51 WARN  no build target for: C:\Projects\FreeMedia\FreeMedia\app\controllers\base.scala
2022.10.31 23:09:54 WARN  no build target for: C:\Projects\FreeMedia\FreeMedia\app\controllers\base.scala
2022.10.31 23:10:01 WARN  no build target for: C:\Projects\FreeMedia\FreeMedia\app\controllers\base.scala
2022.10.31 23:10:03 WARN  no build target for: C:\Projects\FreeMedia\FreeMedia\app\controllers\base.scala
2022.10.31 23:10:05 WARN  no build target for: C:\Projects\FreeMedia\FreeMedia\app\controllers\base.scala
2022.10.31 23:10:24 WARN  no build target for: C:\Projects\FreeMedia\FreeMedia\app\controllers\base.scala
2022.10.31 23:10:30 WARN  no build target for: C:\Projects\FreeMedia\FreeMedia\app\controllers\base.scala
2022.10.31 23:10:32 WARN  no build target for: C:\Projects\FreeMedia\FreeMedia\app\controllers\base.scala
2022.10.31 23:10:37 WARN  no build target for: C:\Projects\FreeMedia\FreeMedia\app\controllers\base.scala
2022.10.31 23:10:38 WARN  no build target for: C:\Projects\FreeMedia\FreeMedia\app\controllers\base.scala
2022.10.31 23:10:41 WARN  no build target for: C:\Projects\FreeMedia\FreeMedia\app\controllers\base.scala
2022.10.31 23:10:44 WARN  no build target for: C:\Projects\FreeMedia\FreeMedia\app\controllers\base.scala
2022.10.31 23:10:46 WARN  no build target for: C:\Projects\FreeMedia\FreeMedia\app\controllers\base.scala
2022.10.31 23:10:49 WARN  no build target for: C:\Projects\FreeMedia\FreeMedia\app\controllers\base.scala
2022.10.31 23:10:51 WARN  no build target for: C:\Projects\FreeMedia\FreeMedia\app\controllers\base.scala
2022.10.31 23:12:14 WARN  no build target for: C:\Projects\FreeMedia\FreeMedia\app\controllers\base.scala
2022.10.31 23:12:14 WARN  no build target for: C:\Projects\FreeMedia\FreeMedia\app\controllers\base.scala
2022.10.31 23:12:59 WARN  no build target for: C:\Projects\FreeMedia\FreeMedia\app\controllers\base.scala
2022.10.31 23:13:02 WARN  no build target for: C:\Projects\FreeMedia\FreeMedia\app\controllers\base.scala
2022.10.31 23:14:02 WARN  no build target for: C:\Projects\FreeMedia\FreeMedia\app\controllers\base.scala
2022.10.31 23:14:03 WARN  no build target for: C:\Projects\FreeMedia\FreeMedia\app\controllers\base.scala
2022.10.31 23:14:25 WARN  no build target for: C:\Projects\FreeMedia\FreeMedia\app\controllers\base.scala
2022.10.31 23:14:30 WARN  no build target for: C:\Projects\FreeMedia\FreeMedia\app\controllers\base.scala
2022.10.31 23:14:31 WARN  no build target for: C:\Projects\FreeMedia\FreeMedia\app\controllers\base.scala
2022.10.31 23:14:32 WARN  no build target for: C:\Projects\FreeMedia\FreeMedia\app\controllers\base.scala
2022.10.31 23:57:42 INFO  shutting down Metals
2022.10.31 23:57:42 ERROR Unexpected error initializing serverorg.eclipse.lsp4j.jsonrpc.ResponseErrorException: Request window/showMessageRequest failed with message: Canceled
	at org.eclipse.lsp4j.jsonrpc.RemoteEndpoint.handleResponse(RemoteEndpoint.java:209)
	at org.eclipse.lsp4j.jsonrpc.RemoteEndpoint.consume(RemoteEndpoint.java:193)
	at org.eclipse.lsp4j.jsonrpc.json.StreamMessageProducer.handleMessage(StreamMessageProducer.java:194)
	at org.eclipse.lsp4j.jsonrpc.json.StreamMessageProducer.listen(StreamMessageProducer.java:94)
	at org.eclipse.lsp4j.jsonrpc.json.ConcurrentMessageProcessor.run(ConcurrentMessageProcessor.java:113)
	at java.util.concurrent.Executors$RunnableAdapter.call(Executors.java:511)
	at java.util.concurrent.FutureTask.run(FutureTask.java:266)
	at java.util.concurrent.ThreadPoolExecutor.runWorker(ThreadPoolExecutor.java:1149)
	at java.util.concurrent.ThreadPoolExecutor$Worker.run(ThreadPoolExecutor.java:624)
	at java.lang.Thread.run(Thread.java:750)

2022.11.01 00:02:49 INFO  tracing is disabled for protocol LSP, to enable tracing of incoming and outgoing JSON messages create an empty file at c:\Projects\FreeMedia\FreeMedia\.metals\lsp.trace.json or C:\Users\Siddh\AppData\Local\scalameta\metals\cache\lsp.trace.json
2022.11.01 00:02:50 INFO  logging to file C:\Projects\FreeMedia\FreeMedia\.metals\metals.log
2022.11.01 00:02:50 INFO  Started: Metals version 0.11.9 in workspace 'C:\Projects\FreeMedia\FreeMedia' for client Visual Studio Code 1.72.2.
2022.11.01 00:02:51 INFO  time: initialize in 1.34s
2022.11.01 00:02:52 WARN  Build server is not auto-connectable.
2022.11.01 00:02:52 WARN  no build target for: C:\Projects\FreeMedia\FreeMedia\app\controllers\base.scala
2022.11.01 00:02:53 INFO  no build target found for C:\Projects\FreeMedia\FreeMedia\app\controllers\base.scala. Using presentation compiler with project's scala-library version: 3.2.0
2022.11.01 00:02:55 INFO  time: code lens generation in 1.17s
2022.11.01 00:05:24 WARN  no build target for: C:\Projects\FreeMedia\FreeMedia\app\controllers\base.scala
2022.11.01 00:05:38 WARN  no build target for: C:\Projects\FreeMedia\FreeMedia\app\controllers\base.scala
2022.11.01 00:06:17 WARN  no build target for: C:\Projects\FreeMedia\FreeMedia\app\controllers\base.scala
2022.11.01 00:06:19 WARN  no build target for: C:\Projects\FreeMedia\FreeMedia\app\controllers\base.scala
2022.11.01 00:06:24 WARN  no build target for: C:\Projects\FreeMedia\FreeMedia\app\controllers\base.scala
2022.11.01 00:06:27 WARN  no build target for: C:\Projects\FreeMedia\FreeMedia\app\controllers\base.scala
2022.11.01 00:06:31 WARN  no build target for: C:\Projects\FreeMedia\FreeMedia\app\controllers\base.scala
2022.11.01 00:06:34 WARN  no build target for: C:\Projects\FreeMedia\FreeMedia\app\controllers\base.scala
2022.11.01 00:06:54 WARN  no build target for: C:\Projects\FreeMedia\FreeMedia\app\controllers\base.scala
2022.11.01 00:07:00 WARN  no build target for: C:\Projects\FreeMedia\FreeMedia\app\controllers\base.scala
2022.11.01 00:07:04 WARN  no build target for: C:\Projects\FreeMedia\FreeMedia\app\controllers\base.scala
2022.11.01 00:07:10 WARN  no build target for: C:\Projects\FreeMedia\FreeMedia\app\controllers\base.scala
Nov 01, 2022 12:07:58 AM org.eclipse.lsp4j.jsonrpc.RemoteEndpoint handleCancellation
WARNING: Unmatched cancel notification for request id 173
2022.11.01 00:09:11 WARN  no build target for: C:\Projects\FreeMedia\FreeMedia\app\controllers\base.scala
2022.11.01 00:09:14 WARN  no build target for: C:\Projects\FreeMedia\FreeMedia\app\controllers\base.scala
2022.11.01 00:10:50 WARN  no build target for: C:\Projects\FreeMedia\FreeMedia\app\controllers\base.scala
2022.11.01 00:10:53 WARN  no build target for: C:\Projects\FreeMedia\FreeMedia\app\controllers\base.scala
2022.11.01 00:10:58 WARN  no build target for: C:\Projects\FreeMedia\FreeMedia\app\controllers\base.scala
2022.11.01 00:11:13 WARN  no build target for: C:\Projects\FreeMedia\FreeMedia\app\controllers\base.scala
2022.11.01 00:11:25 WARN  no build target for: C:\Projects\FreeMedia\FreeMedia\app\controllers\base.scala
2022.11.01 00:11:29 WARN  no build target for: C:\Projects\FreeMedia\FreeMedia\app\controllers\base.scala
2022.11.01 00:11:31 WARN  no build target for: C:\Projects\FreeMedia\FreeMedia\app\controllers\base.scala
2022.11.01 00:11:33 WARN  no build target for: C:\Projects\FreeMedia\FreeMedia\app\controllers\base.scala
2022.11.01 00:11:57 WARN  no build target for: C:\Projects\FreeMedia\FreeMedia\app\controllers\base.scala
2022.11.01 00:12:56 WARN  no build target for: C:\Projects\FreeMedia\FreeMedia\app\controllers\base.scala
2022.11.01 00:13:00 WARN  no build target for: C:\Projects\FreeMedia\FreeMedia\app\controllers\base.scala
2022.11.01 00:14:26 WARN  no build target for: C:\Projects\FreeMedia\FreeMedia\app\controllers\base.scala
2022.11.01 00:14:28 WARN  no build target for: C:\Projects\FreeMedia\FreeMedia\app\controllers\base.scala
2022.11.01 00:14:38 WARN  no build target for: C:\Projects\FreeMedia\FreeMedia\app\controllers\base.scala
2022.11.01 00:14:39 WARN  no build target for: C:\Projects\FreeMedia\FreeMedia\app\controllers\base.scala
2022.11.01 00:15:16 WARN  no build target for: C:\Projects\FreeMedia\FreeMedia\app\controllers\base.scala
2022.11.01 00:16:18 WARN  no build target for: C:\Projects\FreeMedia\FreeMedia\app\controllers\base.scala
2022.11.01 00:16:28 WARN  no build target for: C:\Projects\FreeMedia\FreeMedia\app\controllers\base.scala
2022.11.01 00:16:37 WARN  no build target for: C:\Projects\FreeMedia\FreeMedia\app\controllers\base.scala
2022.11.01 00:16:45 WARN  no build target for: C:\Projects\FreeMedia\FreeMedia\app\controllers\base.scala
2022.11.01 00:16:49 WARN  no build target for: C:\Projects\FreeMedia\FreeMedia\app\controllers\base.scala
2022.11.01 00:17:05 WARN  no build target for: C:\Projects\FreeMedia\FreeMedia\app\controllers\base.scala
2022.11.01 00:17:07 WARN  no build target for: C:\Projects\FreeMedia\FreeMedia\app\controllers\base.scala
2022.11.01 00:17:09 WARN  no build target for: C:\Projects\FreeMedia\FreeMedia\app\controllers\base.scala
2022.11.01 00:17:11 WARN  no build target for: C:\Projects\FreeMedia\FreeMedia\app\controllers\base.scala
2022.11.01 00:17:13 WARN  no build target for: C:\Projects\FreeMedia\FreeMedia\app\controllers\base.scala
2022.11.01 00:17:14 WARN  no build target for: C:\Projects\FreeMedia\FreeMedia\app\controllers\base.scala
2022.11.01 00:21:52 WARN  no build target for: C:\Projects\FreeMedia\FreeMedia\app\controllers\base.scala
2022.11.01 00:24:59 WARN  no build target for: C:\Projects\FreeMedia\FreeMedia\app\controllers\base.scala
2022.11.01 00:25:04 WARN  no build target for: C:\Projects\FreeMedia\FreeMedia\app\controllers\base.scala
2022.11.01 00:30:07 WARN  no build target for: C:\Projects\FreeMedia\FreeMedia\app\controllers\base.scala
2022.11.01 00:30:19 WARN  no build target for: C:\Projects\FreeMedia\FreeMedia\app\controllers\base.scala
2022.11.01 00:30:21 WARN  no build target for: C:\Projects\FreeMedia\FreeMedia\app\controllers\base.scala
2022.11.01 00:30:25 WARN  no build target for: C:\Projects\FreeMedia\FreeMedia\app\controllers\base.scala
2022.11.01 00:30:26 WARN  no build target for: C:\Projects\FreeMedia\FreeMedia\app\controllers\base.scala
2022.11.01 00:30:28 WARN  no build target for: C:\Projects\FreeMedia\FreeMedia\app\controllers\base.scala
2022.11.01 00:30:54 WARN  no build target for: C:\Projects\FreeMedia\FreeMedia\app\controllers\base.scala
2022.11.01 00:37:07 WARN  no build target for: C:\Projects\FreeMedia\FreeMedia\app\controllers\base.scala
2022.11.01 00:37:08 WARN  no build target for: C:\Projects\FreeMedia\FreeMedia\app\controllers\base.scala
2022.11.01 00:37:10 WARN  no build target for: C:\Projects\FreeMedia\FreeMedia\app\controllers\base.scala
2022.11.01 00:46:05 WARN  no build target for: C:\Projects\FreeMedia\FreeMedia\app\controllers\base.scala
2022.11.01 00:46:08 WARN  no build target for: C:\Projects\FreeMedia\FreeMedia\app\controllers\base.scala
2022.11.01 00:46:10 WARN  no build target for: C:\Projects\FreeMedia\FreeMedia\app\controllers\base.scala
2022.11.01 00:46:12 WARN  no build target for: C:\Projects\FreeMedia\FreeMedia\app\controllers\base.scala
2022.11.01 00:47:18 WARN  no build target for: C:\Projects\FreeMedia\FreeMedia\app\controllers\base.scala
2022.11.01 00:49:15 WARN  no build target for: C:\Projects\FreeMedia\FreeMedia\app\controllers\base.scala
2022.11.01 00:49:17 WARN  no build target for: C:\Projects\FreeMedia\FreeMedia\app\controllers\base.scala
2022.11.01 00:49:34 WARN  no build target for: C:\Projects\FreeMedia\FreeMedia\app\controllers\base.scala
2022.11.01 00:49:36 WARN  no build target for: C:\Projects\FreeMedia\FreeMedia\app\controllers\base.scala
Nov 01, 2022 12:50:02 AM org.eclipse.lsp4j.jsonrpc.RemoteEndpoint handleCancellation
WARNING: Unmatched cancel notification for request id 854
2022.11.01 00:50:07 WARN  no build target for: C:\Projects\FreeMedia\FreeMedia\app\controllers\base.scala
2022.11.01 00:50:14 WARN  no build target for: C:\Projects\FreeMedia\FreeMedia\app\controllers\base.scala
2022.11.01 00:50:17 WARN  no build target for: C:\Projects\FreeMedia\FreeMedia\app\controllers\base.scala
2022.11.01 00:50:19 WARN  no build target for: C:\Projects\FreeMedia\FreeMedia\app\controllers\base.scala
Nov 01, 2022 12:50:45 AM org.eclipse.lsp4j.jsonrpc.RemoteEndpoint handleCancellation
WARNING: Unmatched cancel notification for request id 937
2022.11.01 00:50:46 WARN  no build target for: C:\Projects\FreeMedia\FreeMedia\app\controllers\base.scala
2022.11.01 00:50:49 WARN  no build target for: C:\Projects\FreeMedia\FreeMedia\app\controllers\base.scala
2022.11.01 00:52:59 WARN  no build target for: C:\Projects\FreeMedia\FreeMedia\app\controllers\base.scala
2022.11.01 00:53:08 WARN  no build target for: C:\Projects\FreeMedia\FreeMedia\app\controllers\base.scala
2022.11.01 00:53:13 WARN  no build target for: C:\Projects\FreeMedia\FreeMedia\app\controllers\base.scala
2022.11.01 00:53:17 WARN  no build target for: C:\Projects\FreeMedia\FreeMedia\app\controllers\base.scala
2022.11.01 00:57:02 WARN  no build target for: C:\Projects\FreeMedia\FreeMedia\app\controllers\base.scala
2022.11.01 00:57:23 WARN  no build target for: C:\Projects\FreeMedia\FreeMedia\app\controllers\base.scala
2022.11.01 00:57:27 WARN  no build target for: C:\Projects\FreeMedia\FreeMedia\app\controllers\base.scala
2022.11.01 00:57:41 WARN  no build target for: C:\Projects\FreeMedia\FreeMedia\app\controllers\base.scala
2022.11.01 00:57:47 WARN  no build target for: C:\Projects\FreeMedia\FreeMedia\app\controllers\base.scala
2022.11.01 00:57:49 WARN  no build target for: C:\Projects\FreeMedia\FreeMedia\app\controllers\base.scala
2022.11.01 00:57:53 WARN  no build target for: C:\Projects\FreeMedia\FreeMedia\app\controllers\base.scala
2022.11.01 00:57:54 WARN  no build target for: C:\Projects\FreeMedia\FreeMedia\app\controllers\base.scala
2022.11.01 00:57:55 WARN  no build target for: C:\Projects\FreeMedia\FreeMedia\app\controllers\base.scala
2022.11.01 00:57:57 WARN  no build target for: C:\Projects\FreeMedia\FreeMedia\app\controllers\base.scala
2022.11.01 00:58:06 WARN  no build target for: C:\Projects\FreeMedia\FreeMedia\app\controllers\base.scala
2022.11.01 00:58:32 WARN  no build target for: C:\Projects\FreeMedia\FreeMedia\app\controllers\base.scala
2022.11.01 00:58:47 WARN  no build target for: C:\Projects\FreeMedia\FreeMedia\app\controllers\base.scala
Nov 01, 2022 12:59:16 AM org.eclipse.lsp4j.jsonrpc.RemoteEndpoint handleCancellation
WARNING: Unmatched cancel notification for request id 1172
2022.11.01 01:00:15 WARN  no build target for: C:\Projects\FreeMedia\FreeMedia\app\controllers\base.scala
2022.11.01 01:01:25 WARN  no build target for: C:\Projects\FreeMedia\FreeMedia\app\controllers\base.scala
2022.11.01 01:01:30 WARN  no build target for: C:\Projects\FreeMedia\FreeMedia\app\controllers\base.scala
2022.11.01 01:01:32 WARN  no build target for: C:\Projects\FreeMedia\FreeMedia\app\controllers\base.scala
2022.11.01 01:01:40 WARN  no build target for: C:\Projects\FreeMedia\FreeMedia\app\controllers\base.scala
2022.11.01 01:01:44 WARN  no build target for: C:\Projects\FreeMedia\FreeMedia\app\controllers\base.scala
2022.11.01 01:02:35 WARN  no build target for: C:\Projects\FreeMedia\FreeMedia\app\controllers\base.scala
Nov 01, 2022 2:09:44 AM org.eclipse.lsp4j.jsonrpc.RemoteEndpoint handleCancellation
WARNING: Unmatched cancel notification for request id 1273
2022.11.01 02:09:50 WARN  no build target for: C:\Projects\FreeMedia\FreeMedia\app\controllers\base.scala
2022.11.01 02:09:53 WARN  no build target for: C:\Projects\FreeMedia\FreeMedia\app\controllers\base.scala
2022.11.01 02:10:16 WARN  no build target for: C:\Projects\FreeMedia\FreeMedia\app\controllers\base.scala
2022.11.01 02:10:20 WARN  no build target for: C:\Projects\FreeMedia\FreeMedia\app\controllers\base.scala
2022.11.01 02:11:18 WARN  no build target for: C:\Projects\FreeMedia\FreeMedia\app\controllers\base.scala
2022.11.01 02:11:23 WARN  no build target for: C:\Projects\FreeMedia\FreeMedia\app\controllers\base.scala
2022.11.01 02:11:27 WARN  no build target for: C:\Projects\FreeMedia\FreeMedia\app\controllers\base.scala
2022.11.01 02:11:30 WARN  no build target for: C:\Projects\FreeMedia\FreeMedia\app\controllers\base.scala
2022.11.01 02:11:39 WARN  no build target for: C:\Projects\FreeMedia\FreeMedia\app\controllers\base.scala
2022.11.01 02:17:14 WARN  no build target for: C:\Projects\FreeMedia\FreeMedia\app\controllers\base.scala
2022.11.01 02:20:45 WARN  no build target for: C:\Projects\FreeMedia\FreeMedia\app\controllers\base.scala
2022.11.01 02:20:51 WARN  no build target for: C:\Projects\FreeMedia\FreeMedia\app\controllers\base.scala
2022.11.01 02:20:53 WARN  no build target for: C:\Projects\FreeMedia\FreeMedia\app\controllers\base.scala
2022.11.01 02:20:57 WARN  no build target for: C:\Projects\FreeMedia\FreeMedia\app\controllers\base.scala
2022.11.01 02:20:59 WARN  no build target for: C:\Projects\FreeMedia\FreeMedia\app\controllers\base.scala
2022.11.01 02:21:42 WARN  no build target for: C:\Projects\FreeMedia\FreeMedia\app\controllers\base.scala
2022.11.01 02:22:06 WARN  no build target for: C:\Projects\FreeMedia\FreeMedia\app\controllers\base.scala
2022.11.01 02:22:10 WARN  no build target for: C:\Projects\FreeMedia\FreeMedia\app\controllers\base.scala
Nov 01, 2022 2:22:39 AM org.eclipse.lsp4j.jsonrpc.RemoteEndpoint handleCancellation
WARNING: Unmatched cancel notification for request id 1479
2022.11.01 02:22:41 WARN  no build target for: C:\Projects\FreeMedia\FreeMedia\app\controllers\base.scala
2022.11.01 02:23:26 WARN  no build target for: C:\Projects\FreeMedia\FreeMedia\app\controllers\base.scala
2022.11.01 02:23:42 WARN  no build target for: C:\Projects\FreeMedia\FreeMedia\app\controllers\base.scala
2022.11.01 02:23:49 WARN  no build target for: C:\Projects\FreeMedia\FreeMedia\app\controllers\base.scala
2022.11.01 02:24:03 WARN  no build target for: C:\Projects\FreeMedia\FreeMedia\app\actors\ChatActor.scala
2022.11.01 02:33:22 WARN  no build target for: C:\Projects\FreeMedia\FreeMedia\app\controllers\base.scala
2022.11.01 02:33:25 WARN  no build target for: C:\Projects\FreeMedia\FreeMedia\app\controllers\base.scala
2022.11.01 02:33:26 WARN  no build target for: C:\Projects\FreeMedia\FreeMedia\app\controllers\base.scala
2022.11.01 02:33:30 WARN  no build target for: C:\Projects\FreeMedia\FreeMedia\app\controllers\base.scala
2022.11.01 02:33:34 WARN  no build target for: C:\Projects\FreeMedia\FreeMedia\app\controllers\base.scala
Nov 01, 2022 2:42:51 AM org.eclipse.lsp4j.jsonrpc.RemoteEndpoint fallbackResponseError
SEVERE: Internal error: java.lang.UnsupportedOperationException: tail of empty list
java.util.concurrent.CompletionException: java.lang.UnsupportedOperationException: tail of empty list
	at java.util.concurrent.CompletableFuture.encodeThrowable(CompletableFuture.java:292)
	at java.util.concurrent.CompletableFuture.completeThrowable(CompletableFuture.java:308)
	at java.util.concurrent.CompletableFuture.uniAccept(CompletableFuture.java:661)
	at java.util.concurrent.CompletableFuture$UniAccept.tryFire(CompletableFuture.java:646)
	at java.util.concurrent.CompletableFuture.postComplete(CompletableFuture.java:488)
	at java.util.concurrent.CompletableFuture.completeExceptionally(CompletableFuture.java:1990)
	at scala.meta.internal.metals.CancelTokens$.$anonfun$future$1(CancelTokens.scala:40)
	at scala.meta.internal.metals.CancelTokens$.$anonfun$future$1$adapted(CancelTokens.scala:38)
	at scala.concurrent.impl.Promise$Transformation.run(Promise.scala:484)
	at java.util.concurrent.ThreadPoolExecutor.runWorker(ThreadPoolExecutor.java:1149)
	at java.util.concurrent.ThreadPoolExecutor$Worker.run(ThreadPoolExecutor.java:624)
	at java.lang.Thread.run(Thread.java:750)
Caused by: java.lang.UnsupportedOperationException: tail of empty list
	at scala.collection.immutable.Nil$.tail(List.scala:664)
	at scala.collection.immutable.Nil$.tail(List.scala:661)
	at scala.meta.internal.metals.codeactions.CreateCompanionObjectCodeAction.$anonfun$endPosOfTree$1(CreateCompanionObjectCodeAction.scala:77)
	at scala.Option.flatMap(Option.scala:283)
	at scala.meta.internal.metals.codeactions.CreateCompanionObjectCodeAction.endPosOfTree(CreateCompanionObjectCodeAction.scala:75)
	at scala.meta.internal.metals.codeactions.CreateCompanionObjectCodeAction.$anonfun$contribute$5(CreateCompanionObjectCodeAction.scala:61)
	at scala.Option.map(Option.scala:242)
	at scala.meta.internal.metals.codeactions.CreateCompanionObjectCodeAction.$anonfun$contribute$4(CreateCompanionObjectCodeAction.scala:58)
	at scala.Option$WithFilter.flatMap(Option.scala:283)
	at scala.meta.internal.metals.codeactions.CreateCompanionObjectCodeAction.$anonfun$contribute$2(CreateCompanionObjectCodeAction.scala:56)
	at scala.Option.flatMap(Option.scala:283)
	at scala.meta.internal.metals.codeactions.CreateCompanionObjectCodeAction.$anonfun$contribute$1(CreateCompanionObjectCodeAction.scala:55)
	at scala.concurrent.Future$.$anonfun$apply$1(Future.scala:678)
	at scala.concurrent.impl.Promise$Transformation.run(Promise.scala:467)
	... 3 more

2022.11.01 02:42:52 WARN  no build target for: C:\Projects\FreeMedia\FreeMedia\app\controllers\base.scala
2022.11.01 02:42:58 WARN  no build target for: C:\Projects\FreeMedia\FreeMedia\app\controllers\base.scala
Nov 01, 2022 2:43:01 AM org.eclipse.lsp4j.jsonrpc.RemoteEndpoint handleCancellation
WARNING: Unmatched cancel notification for request id 1673
2022.11.01 02:43:07 WARN  no build target for: C:\Projects\FreeMedia\FreeMedia\app\controllers\base.scala
2022.11.01 02:43:11 WARN  no build target for: C:\Projects\FreeMedia\FreeMedia\app\controllers\base.scala
2022.11.01 02:49:29 WARN  no build target for: C:\Projects\FreeMedia\FreeMedia\app\controllers\base.scala
Nov 01, 2022 2:51:54 AM org.eclipse.lsp4j.jsonrpc.RemoteEndpoint handleCancellation
WARNING: Unmatched cancel notification for request id 1751
2022.11.01 02:51:55 WARN  no build target for: C:\Projects\FreeMedia\FreeMedia\app\controllers\base.scala
2022.11.01 02:52:35 WARN  no build target for: C:\Projects\FreeMedia\FreeMedia\app\controllers\base.scala
2022.11.01 02:52:36 WARN  no build target for: C:\Projects\FreeMedia\FreeMedia\app\controllers\base.scala
2022.11.01 02:52:37 WARN  no build target for: C:\Projects\FreeMedia\FreeMedia\app\controllers\base.scala
Nov 01, 2022 2:52:39 AM org.eclipse.lsp4j.jsonrpc.RemoteEndpoint handleCancellation
WARNING: Unmatched cancel notification for request id 1783
2022.11.01 02:52:40 WARN  no build target for: C:\Projects\FreeMedia\FreeMedia\app\controllers\base.scala
2022.11.01 02:52:44 WARN  no build target for: C:\Projects\FreeMedia\FreeMedia\app\controllers\base.scala
2022.11.01 02:52:51 WARN  no build target for: C:\Projects\FreeMedia\FreeMedia\app\controllers\base.scala
2022.11.01 02:53:01 WARN  no build target for: C:\Projects\FreeMedia\FreeMedia\app\controllers\base.scala
2022.11.01 02:53:06 WARN  no build target for: C:\Projects\FreeMedia\FreeMedia\app\controllers\base.scala
2022.11.01 03:02:11 WARN  no build target for: C:\Projects\FreeMedia\FreeMedia\app\actors\ChatManager.scala
2022.11.01 03:05:54 WARN  no build target for: C:\Projects\FreeMedia\FreeMedia\app\controllers\base.scala
2022.11.01 03:05:56 WARN  no build target for: C:\Projects\FreeMedia\FreeMedia\app\controllers\base.scala
2022.11.01 03:05:58 WARN  no build target for: C:\Projects\FreeMedia\FreeMedia\app\controllers\base.scala
2022.11.01 03:06:00 WARN  no build target for: C:\Projects\FreeMedia\FreeMedia\app\controllers\base.scala
2022.11.01 03:06:26 WARN  no build target for: C:\Projects\FreeMedia\FreeMedia\app\controllers\base.scala
2022.11.01 04:01:03 INFO  shutting down Metals
2022.11.02 12:20:54 INFO  tracing is disabled for protocol LSP, to enable tracing of incoming and outgoing JSON messages create an empty file at c:\Projects\FreeMedia\FreeMedia\.metals\lsp.trace.json or C:\Users\Siddh\AppData\Local\scalameta\metals\cache\lsp.trace.json
2022.11.02 12:20:55 INFO  logging to file C:\Projects\FreeMedia\FreeMedia\.metals\metals.log
2022.11.02 12:20:55 INFO  Started: Metals version 0.11.9 in workspace 'C:\Projects\FreeMedia\FreeMedia' for client Visual Studio Code 1.72.2.
2022.11.02 12:20:56 INFO  time: initialize in 1.97s
2022.11.02 12:20:57 WARN  Build server is not auto-connectable.
2022.11.02 12:21:22 WARN  no build target for: C:\Projects\FreeMedia\FreeMedia\app\controllers\base.scala
2022.11.02 12:21:26 INFO  no build target found for C:\Projects\FreeMedia\FreeMedia\app\controllers\base.scala. Using presentation compiler with project's scala-library version: 3.2.0
2022.11.02 12:21:30 INFO  time: code lens generation in 6.43s
2022.11.02 12:24:54 WARN  no build target for: C:\Projects\FreeMedia\FreeMedia\app\controllers\base.scala
2022.11.02 12:24:57 WARN  no build target for: C:\Projects\FreeMedia\FreeMedia\app\controllers\base.scala
2022.11.02 12:24:58 WARN  no build target for: C:\Projects\FreeMedia\FreeMedia\app\controllers\base.scala
2022.11.02 12:25:00 WARN  no build target for: C:\Projects\FreeMedia\FreeMedia\app\controllers\base.scala
2022.11.02 12:28:42 WARN  no build target for: C:\Projects\FreeMedia\FreeMedia\app\controllers\base.scala
2022.11.02 12:28:44 WARN  no build target for: C:\Projects\FreeMedia\FreeMedia\app\controllers\base.scala
2022.11.02 12:28:45 WARN  no build target for: C:\Projects\FreeMedia\FreeMedia\app\controllers\base.scala
2022.11.02 12:28:52 WARN  no build target for: C:\Projects\FreeMedia\FreeMedia\app\controllers\base.scala
2022.11.02 12:28:53 WARN  no build target for: C:\Projects\FreeMedia\FreeMedia\app\controllers\base.scala
2022.11.02 12:29:36 WARN  no build target for: C:\Projects\FreeMedia\FreeMedia\app\controllers\base.scala
2022.11.02 12:29:39 WARN  no build target for: C:\Projects\FreeMedia\FreeMedia\app\controllers\base.scala
2022.11.02 12:29:40 WARN  no build target for: C:\Projects\FreeMedia\FreeMedia\app\controllers\base.scala
2022.11.02 12:29:43 WARN  no build target for: C:\Projects\FreeMedia\FreeMedia\app\controllers\base.scala
Nov 02, 2022 12:29:45 PM org.eclipse.lsp4j.jsonrpc.RemoteEndpoint handleCancellation
WARNING: Unmatched cancel notification for request id 127
2022.11.02 12:29:47 WARN  no build target for: C:\Projects\FreeMedia\FreeMedia\app\controllers\base.scala
2022.11.02 12:34:23 WARN  no build target for: C:\Projects\FreeMedia\FreeMedia\app\controllers\base.scala
2022.11.02 12:34:28 WARN  no build target for: C:\Projects\FreeMedia\FreeMedia\app\controllers\base.scala
2022.11.02 12:34:29 WARN  no build target for: C:\Projects\FreeMedia\FreeMedia\app\controllers\base.scala
2022.11.02 12:34:32 WARN  no build target for: C:\Projects\FreeMedia\FreeMedia\app\controllers\base.scala
2022.11.02 12:34:39 WARN  no build target for: C:\Projects\FreeMedia\FreeMedia\app\controllers\base.scala
2022.11.02 12:34:44 WARN  no build target for: C:\Projects\FreeMedia\FreeMedia\app\controllers\base.scala
2022.11.02 12:34:47 WARN  no build target for: C:\Projects\FreeMedia\FreeMedia\app\controllers\base.scala
2022.11.02 12:34:51 WARN  no build target for: C:\Projects\FreeMedia\FreeMedia\app\controllers\base.scala
2022.11.02 12:34:52 WARN  no build target for: C:\Projects\FreeMedia\FreeMedia\app\controllers\base.scala
2022.11.02 12:34:54 WARN  no build target for: C:\Projects\FreeMedia\FreeMedia\app\controllers\base.scala
2022.11.02 12:35:09 WARN  no build target for: C:\Projects\FreeMedia\FreeMedia\app\controllers\base.scala
2022.11.02 12:35:10 WARN  no build target for: C:\Projects\FreeMedia\FreeMedia\app\controllers\base.scala
2022.11.02 12:40:30 WARN  no build target for: C:\Projects\FreeMedia\FreeMedia\app\controllers\base.scala
2022.11.02 12:40:33 WARN  no build target for: C:\Projects\FreeMedia\FreeMedia\app\controllers\base.scala
2022.11.02 12:40:35 WARN  no build target for: C:\Projects\FreeMedia\FreeMedia\app\controllers\base.scala
2022.11.02 12:43:51 WARN  no build target for: C:\Projects\FreeMedia\FreeMedia\app\controllers\base.scala
2022.11.02 12:43:53 WARN  no build target for: C:\Projects\FreeMedia\FreeMedia\app\controllers\base.scala
2022.11.02 12:43:59 WARN  no build target for: C:\Projects\FreeMedia\FreeMedia\app\controllers\base.scala
2022.11.02 12:44:05 WARN  no build target for: C:\Projects\FreeMedia\FreeMedia\app\controllers\base.scala
2022.11.02 12:50:15 WARN  no build target for: C:\Projects\FreeMedia\FreeMedia\app\controllers\base.scala
2022.11.02 12:50:18 WARN  no build target for: C:\Projects\FreeMedia\FreeMedia\app\controllers\base.scala
2022.11.02 12:50:22 WARN  no build target for: C:\Projects\FreeMedia\FreeMedia\app\controllers\base.scala
2022.11.02 12:50:29 WARN  no build target for: C:\Projects\FreeMedia\FreeMedia\app\controllers\base.scala
2022.11.02 12:50:32 WARN  no build target for: C:\Projects\FreeMedia\FreeMedia\app\controllers\base.scala
2022.11.02 12:50:39 WARN  no build target for: C:\Projects\FreeMedia\FreeMedia\app\controllers\base.scala
2022.11.02 12:50:42 WARN  no build target for: C:\Projects\FreeMedia\FreeMedia\app\controllers\base.scala
2022.11.02 13:22:45 WARN  no build target for: C:\Projects\FreeMedia\FreeMedia\app\controllers\base.scala
2022.11.02 13:25:11 WARN  no build target for: C:\Projects\FreeMedia\FreeMedia\app\controllers\base.scala
2022.11.02 13:25:12 WARN  no build target for: C:\Projects\FreeMedia\FreeMedia\app\controllers\base.scala
2022.11.02 13:25:13 WARN  no build target for: C:\Projects\FreeMedia\FreeMedia\app\controllers\base.scala
2022.11.02 13:29:54 WARN  no build target for: C:\Projects\FreeMedia\FreeMedia\app\controllers\base.scala
2022.11.02 13:29:55 WARN  no build target for: C:\Projects\FreeMedia\FreeMedia\app\controllers\base.scala
2022.11.02 13:29:57 WARN  no build target for: C:\Projects\FreeMedia\FreeMedia\app\controllers\base.scala
2022.11.02 13:30:00 WARN  no build target for: C:\Projects\FreeMedia\FreeMedia\app\controllers\base.scala
2022.11.02 13:30:01 WARN  no build target for: C:\Projects\FreeMedia\FreeMedia\app\controllers\base.scala
2022.11.02 13:40:45 WARN  no build target for: C:\Projects\FreeMedia\FreeMedia\app\controllers\base.scala
2022.11.02 13:40:47 WARN  no build target for: C:\Projects\FreeMedia\FreeMedia\app\controllers\base.scala
2022.11.02 13:40:50 WARN  no build target for: C:\Projects\FreeMedia\FreeMedia\app\controllers\base.scala
2022.11.02 13:40:51 WARN  no build target for: C:\Projects\FreeMedia\FreeMedia\app\controllers\base.scala
2022.11.02 14:05:51 WARN  no build target for: C:\Projects\FreeMedia\FreeMedia\app\controllers\base.scala
2022.11.02 14:05:54 WARN  no build target for: C:\Projects\FreeMedia\FreeMedia\app\controllers\base.scala
2022.11.02 14:05:55 WARN  no build target for: C:\Projects\FreeMedia\FreeMedia\app\controllers\base.scala
2022.11.02 14:05:58 WARN  no build target for: C:\Projects\FreeMedia\FreeMedia\app\controllers\base.scala
Nov 02, 2022 2:51:34 PM org.eclipse.lsp4j.jsonrpc.RemoteEndpoint handleCancellation
WARNING: Unmatched cancel notification for request id 778
2022.11.02 14:51:34 WARN  no build target for: C:\Projects\FreeMedia\FreeMedia\app\controllers\base.scala
2022.11.02 14:51:36 WARN  no build target for: C:\Projects\FreeMedia\FreeMedia\app\controllers\base.scala
2022.11.02 14:51:37 WARN  no build target for: C:\Projects\FreeMedia\FreeMedia\app\controllers\base.scala
2022.11.02 14:51:39 WARN  no build target for: C:\Projects\FreeMedia\FreeMedia\app\controllers\base.scala
2022.11.02 14:51:41 WARN  no build target for: C:\Projects\FreeMedia\FreeMedia\app\controllers\base.scala
2022.11.02 14:53:27 WARN  no build target for: C:\Projects\FreeMedia\FreeMedia\app\controllers\base.scala
2022.11.02 14:53:28 WARN  no build target for: C:\Projects\FreeMedia\FreeMedia\app\controllers\base.scala
2022.11.02 14:53:29 WARN  no build target for: C:\Projects\FreeMedia\FreeMedia\app\controllers\base.scala
2022.11.02 14:53:31 WARN  no build target for: C:\Projects\FreeMedia\FreeMedia\app\controllers\base.scala
2022.11.02 14:53:32 WARN  no build target for: C:\Projects\FreeMedia\FreeMedia\app\controllers\base.scala
2022.11.02 14:54:12 WARN  no build target for: C:\Projects\FreeMedia\FreeMedia\app\controllers\base.scala
2022.11.02 14:54:21 WARN  no build target for: C:\Projects\FreeMedia\FreeMedia\app\controllers\base.scala
Nov 02, 2022 2:55:05 PM org.eclipse.lsp4j.jsonrpc.RemoteEndpoint handleCancellation
WARNING: Unmatched cancel notification for request id 889
2022.11.02 14:55:22 WARN  no build target for: C:\Projects\FreeMedia\FreeMedia\app\controllers\base.scala
2022.11.02 14:55:24 WARN  no build target for: C:\Projects\FreeMedia\FreeMedia\app\controllers\base.scala
2022.11.02 14:55:34 WARN  no build target for: C:\Projects\FreeMedia\FreeMedia\app\controllers\base.scala
2022.11.02 14:55:37 WARN  no build target for: C:\Projects\FreeMedia\FreeMedia\app\controllers\base.scala
2022.11.02 14:55:42 WARN  no build target for: C:\Projects\FreeMedia\FreeMedia\app\controllers\base.scala
2022.11.02 14:55:47 WARN  no build target for: C:\Projects\FreeMedia\FreeMedia\app\controllers\base.scala
2022.11.02 14:55:51 WARN  no build target for: C:\Projects\FreeMedia\FreeMedia\app\controllers\base.scala
2022.11.02 14:55:55 WARN  no build target for: C:\Projects\FreeMedia\FreeMedia\app\controllers\base.scala
2022.11.02 14:55:56 WARN  no build target for: C:\Projects\FreeMedia\FreeMedia\app\controllers\base.scala
2022.11.02 14:56:00 WARN  no build target for: C:\Projects\FreeMedia\FreeMedia\app\controllers\base.scala
2022.11.02 14:56:05 WARN  no build target for: C:\Projects\FreeMedia\FreeMedia\app\controllers\base.scala
2022.11.02 14:56:08 WARN  no build target for: C:\Projects\FreeMedia\FreeMedia\app\controllers\base.scala
2022.11.02 14:56:28 WARN  no build target for: C:\Projects\FreeMedia\FreeMedia\app\controllers\base.scala
2022.11.02 14:56:57 WARN  no build target for: C:\Projects\FreeMedia\FreeMedia\app\controllers\base.scala
2022.11.02 14:57:02 WARN  no build target for: C:\Projects\FreeMedia\FreeMedia\app\controllers\base.scala
2022.11.02 14:57:09 WARN  no build target for: C:\Projects\FreeMedia\FreeMedia\app\controllers\base.scala
2022.11.02 14:57:30 WARN  no build target for: C:\Projects\FreeMedia\FreeMedia\app\actors\ChatActor.scala
2022.11.02 14:59:34 WARN  no build target for: C:\Projects\FreeMedia\FreeMedia\app\controllers\base.scala
2022.11.02 15:02:02 WARN  no build target for: C:\Projects\FreeMedia\FreeMedia\app\controllers\base.scala
2022.11.02 15:03:37 WARN  no build target for: C:\Projects\FreeMedia\FreeMedia\app\controllers\base.scala
2022.11.02 15:03:39 WARN  no build target for: C:\Projects\FreeMedia\FreeMedia\app\controllers\base.scala
2022.11.02 15:03:43 WARN  no build target for: C:\Projects\FreeMedia\FreeMedia\app\controllers\base.scala
2022.11.02 15:03:46 WARN  no build target for: C:\Projects\FreeMedia\FreeMedia\app\controllers\base.scala
2022.11.02 15:04:03 WARN  no build target for: C:\Projects\FreeMedia\FreeMedia\app\controllers\base.scala
2022.11.02 15:04:07 WARN  no build target for: C:\Projects\FreeMedia\FreeMedia\app\controllers\base.scala
2022.11.02 15:04:11 WARN  no build target for: C:\Projects\FreeMedia\FreeMedia\app\controllers\base.scala
2022.11.02 15:04:15 WARN  no build target for: C:\Projects\FreeMedia\FreeMedia\app\controllers\base.scala
2022.11.02 15:04:50 WARN  no build target for: C:\Projects\FreeMedia\FreeMedia\app\controllers\base.scala
2022.11.02 15:04:55 WARN  no build target for: C:\Projects\FreeMedia\FreeMedia\app\controllers\base.scala
2022.11.02 15:06:20 WARN  no build target for: C:\Projects\FreeMedia\FreeMedia\app\controllers\base.scala
2022.11.02 15:06:25 WARN  no build target for: C:\Projects\FreeMedia\FreeMedia\app\controllers\base.scala
2022.11.02 15:06:28 WARN  no build target for: C:\Projects\FreeMedia\FreeMedia\app\controllers\base.scala
2022.11.02 15:06:48 WARN  no build target for: C:\Projects\FreeMedia\FreeMedia\app\controllers\base.scala
2022.11.02 15:06:49 WARN  no build target for: C:\Projects\FreeMedia\FreeMedia\app\controllers\base.scala
2022.11.02 15:06:52 WARN  no build target for: C:\Projects\FreeMedia\FreeMedia\app\controllers\base.scala
2022.11.02 15:07:05 WARN  no build target for: C:\Projects\FreeMedia\FreeMedia\app\controllers\base.scala
2022.11.02 15:07:06 WARN  no build target for: C:\Projects\FreeMedia\FreeMedia\app\controllers\base.scala
2022.11.02 15:07:08 WARN  no build target for: C:\Projects\FreeMedia\FreeMedia\app\controllers\base.scala
2022.11.02 15:08:34 WARN  no build target for: C:\Projects\FreeMedia\FreeMedia\app\controllers\base.scala
2022.11.02 15:08:36 WARN  no build target for: C:\Projects\FreeMedia\FreeMedia\app\controllers\base.scala
2022.11.02 15:08:40 WARN  no build target for: C:\Projects\FreeMedia\FreeMedia\app\controllers\base.scala
2022.11.02 15:09:04 WARN  no build target for: C:\Projects\FreeMedia\FreeMedia\app\controllers\base.scala
Nov 02, 2022 3:09:05 PM org.eclipse.lsp4j.jsonrpc.RemoteEndpoint handleCancellation
WARNING: Unmatched cancel notification for request id 1508
2022.11.02 15:09:07 WARN  no build target for: C:\Projects\FreeMedia\FreeMedia\app\controllers\base.scala
2022.11.02 15:09:20 WARN  no build target for: C:\Projects\FreeMedia\FreeMedia\app\controllers\base.scala
2022.11.02 15:10:03 WARN  no build target for: C:\Projects\FreeMedia\FreeMedia\app\controllers\base.scala
2022.11.02 15:10:04 WARN  no build target for: C:\Projects\FreeMedia\FreeMedia\app\controllers\base.scala
2022.11.02 15:10:11 WARN  no build target for: C:\Projects\FreeMedia\FreeMedia\app\controllers\base.scala
2022.11.02 15:10:14 WARN  no build target for: C:\Projects\FreeMedia\FreeMedia\app\controllers\base.scala
2022.11.02 15:10:15 WARN  no build target for: C:\Projects\FreeMedia\FreeMedia\app\controllers\base.scala
2022.11.02 15:10:18 WARN  no build target for: C:\Projects\FreeMedia\FreeMedia\app\controllers\base.scala
2022.11.02 15:10:22 WARN  no build target for: C:\Projects\FreeMedia\FreeMedia\app\controllers\base.scala
2022.11.02 15:11:56 WARN  no build target for: C:\Projects\FreeMedia\FreeMedia\app\controllers\base.scala
2022.11.02 15:16:28 WARN  no build target for: C:\Projects\FreeMedia\FreeMedia\app\controllers\base.scala
2022.11.02 15:21:54 WARN  no build target for: C:\Projects\FreeMedia\FreeMedia\app\controllers\base.scala
2022.11.02 15:27:43 WARN  no build target for: C:\Projects\FreeMedia\FreeMedia\app\controllers\base.scala
2022.11.02 15:27:50 WARN  no build target for: C:\Projects\FreeMedia\FreeMedia\app\controllers\base.scala
2022.11.02 15:27:53 WARN  no build target for: C:\Projects\FreeMedia\FreeMedia\app\controllers\base.scala
2022.11.02 15:36:58 WARN  no build target for: C:\Projects\FreeMedia\FreeMedia\app\controllers\base.scala
2022.11.02 15:37:02 WARN  no build target for: C:\Projects\FreeMedia\FreeMedia\app\controllers\base.scala
2022.11.02 15:37:04 WARN  no build target for: C:\Projects\FreeMedia\FreeMedia\app\controllers\base.scala
2022.11.02 15:37:08 WARN  no build target for: C:\Projects\FreeMedia\FreeMedia\app\controllers\base.scala
2022.11.02 15:37:09 WARN  no build target for: C:\Projects\FreeMedia\FreeMedia\app\controllers\base.scala
2022.11.02 15:37:11 WARN  no build target for: C:\Projects\FreeMedia\FreeMedia\app\controllers\base.scala
Nov 02, 2022 3:37:13 PM org.eclipse.lsp4j.jsonrpc.RemoteEndpoint handleCancellation
WARNING: Unmatched cancel notification for request id 1821
2022.11.02 15:37:18 WARN  no build target for: C:\Projects\FreeMedia\FreeMedia\app\controllers\base.scala
2022.11.02 15:37:26 WARN  no build target for: C:\Projects\FreeMedia\FreeMedia\app\controllers\base.scala
2022.11.02 15:37:29 WARN  no build target for: C:\Projects\FreeMedia\FreeMedia\app\controllers\base.scala
2022.11.02 15:37:32 WARN  no build target for: C:\Projects\FreeMedia\FreeMedia\app\controllers\base.scala
2022.11.02 15:37:33 WARN  no build target for: C:\Projects\FreeMedia\FreeMedia\app\controllers\base.scala
2022.11.02 15:37:35 WARN  no build target for: C:\Projects\FreeMedia\FreeMedia\app\controllers\base.scala
2022.11.02 15:37:56 WARN  no build target for: C:\Projects\FreeMedia\FreeMedia\app\controllers\base.scala
Nov 02, 2022 3:38:03 PM org.eclipse.lsp4j.jsonrpc.RemoteEndpoint handleCancellation
WARNING: Unmatched cancel notification for request id 1909
2022.11.02 15:38:08 WARN  no build target for: C:\Projects\FreeMedia\FreeMedia\app\controllers\base.scala
2022.11.02 15:38:12 WARN  no build target for: C:\Projects\FreeMedia\FreeMedia\app\controllers\base.scala
2022.11.02 15:38:16 WARN  no build target for: C:\Projects\FreeMedia\FreeMedia\app\controllers\base.scala
2022.11.02 15:38:18 WARN  no build target for: C:\Projects\FreeMedia\FreeMedia\app\controllers\base.scala
2022.11.02 15:38:22 WARN  no build target for: C:\Projects\FreeMedia\FreeMedia\app\controllers\base.scala
2022.11.02 15:38:31 WARN  no build target for: C:\Projects\FreeMedia\FreeMedia\app\controllers\base.scala
2022.11.02 15:38:33 WARN  no build target for: C:\Projects\FreeMedia\FreeMedia\app\controllers\base.scala
2022.11.02 15:38:35 WARN  no build target for: C:\Projects\FreeMedia\FreeMedia\app\controllers\base.scala
2022.11.02 15:38:38 WARN  no build target for: C:\Projects\FreeMedia\FreeMedia\app\controllers\base.scala
2022.11.02 15:38:41 WARN  no build target for: C:\Projects\FreeMedia\FreeMedia\app\controllers\base.scala
2022.11.02 15:39:17 WARN  no build target for: C:\Projects\FreeMedia\FreeMedia\app\controllers\base.scala
2022.11.02 15:41:00 WARN  no build target for: C:\Projects\FreeMedia\FreeMedia\app\controllers\base.scala
2022.11.02 15:41:13 WARN  no build target for: C:\Projects\FreeMedia\FreeMedia\app\controllers\base.scala
2022.11.02 15:41:48 WARN  no build target for: C:\Projects\FreeMedia\FreeMedia\app\controllers\base.scala
2022.11.02 15:41:52 WARN  no build target for: C:\Projects\FreeMedia\FreeMedia\app\controllers\base.scala
2022.11.02 15:42:02 WARN  no build target for: C:\Projects\FreeMedia\FreeMedia\app\controllers\base.scala
2022.11.02 15:42:33 WARN  no build target for: C:\Projects\FreeMedia\FreeMedia\app\controllers\base.scala
2022.11.02 15:42:37 WARN  no build target for: C:\Projects\FreeMedia\FreeMedia\app\controllers\base.scala
2022.11.02 15:43:03 WARN  no build target for: C:\Projects\FreeMedia\FreeMedia\app\controllers\base.scala
2022.11.02 15:43:11 WARN  no build target for: C:\Projects\FreeMedia\FreeMedia\app\controllers\base.scala
2022.11.02 15:43:13 WARN  no build target for: C:\Projects\FreeMedia\FreeMedia\app\controllers\base.scala
2022.11.02 15:43:16 WARN  no build target for: C:\Projects\FreeMedia\FreeMedia\app\controllers\base.scala
2022.11.02 15:43:19 WARN  no build target for: C:\Projects\FreeMedia\FreeMedia\app\controllers\base.scala
2022.11.02 15:43:21 WARN  no build target for: C:\Projects\FreeMedia\FreeMedia\app\controllers\base.scala
2022.11.02 15:43:27 WARN  no build target for: C:\Projects\FreeMedia\FreeMedia\app\controllers\base.scala
2022.11.02 15:43:29 WARN  no build target for: C:\Projects\FreeMedia\FreeMedia\app\controllers\base.scala
2022.11.02 15:43:40 WARN  no build target for: C:\Projects\FreeMedia\FreeMedia\app\controllers\base.scala
2022.11.02 15:44:26 WARN  no build target for: C:\Projects\FreeMedia\FreeMedia\app\controllers\base.scala
2022.11.02 15:44:27 WARN  no build target for: C:\Projects\FreeMedia\FreeMedia\app\controllers\base.scala
2022.11.02 15:44:34 WARN  no build target for: C:\Projects\FreeMedia\FreeMedia\app\controllers\base.scala
2022.11.02 15:44:40 WARN  no build target for: C:\Projects\FreeMedia\FreeMedia\app\controllers\base.scala
Nov 02, 2022 3:44:40 PM org.eclipse.lsp4j.jsonrpc.RemoteEndpoint handleCancellation
WARNING: Unmatched cancel notification for request id 2321
2022.11.02 15:44:42 WARN  no build target for: C:\Projects\FreeMedia\FreeMedia\app\controllers\base.scala
2022.11.02 15:44:50 WARN  no build target for: C:\Projects\FreeMedia\FreeMedia\app\controllers\base.scala
2022.11.02 15:44:57 WARN  no build target for: C:\Projects\FreeMedia\FreeMedia\app\controllers\base.scala
Nov 02, 2022 3:44:59 PM org.eclipse.lsp4j.jsonrpc.RemoteEndpoint handleCancellation
WARNING: Unmatched cancel notification for request id 2398
2022.11.02 15:45:04 WARN  no build target for: C:\Projects\FreeMedia\FreeMedia\app\controllers\base.scala
2022.11.02 15:45:07 WARN  no build target for: C:\Projects\FreeMedia\FreeMedia\app\controllers\base.scala
2022.11.02 15:45:08 WARN  no build target for: C:\Projects\FreeMedia\FreeMedia\app\controllers\base.scala
2022.11.02 15:45:40 WARN  no build target for: C:\Projects\FreeMedia\FreeMedia\app\controllers\base.scala
2022.11.02 15:47:04 WARN  no build target for: C:\Projects\FreeMedia\FreeMedia\app\controllers\base.scala
2022.11.02 15:47:09 WARN  no build target for: C:\Projects\FreeMedia\FreeMedia\app\controllers\base.scala
2022.11.02 15:47:11 WARN  no build target for: C:\Projects\FreeMedia\FreeMedia\app\controllers\base.scala
2022.11.02 15:47:14 WARN  no build target for: C:\Projects\FreeMedia\FreeMedia\app\controllers\base.scala
2022.11.02 15:47:17 WARN  no build target for: C:\Projects\FreeMedia\FreeMedia\app\controllers\base.scala
Nov 02, 2022 4:08:50 PM org.eclipse.lsp4j.jsonrpc.RemoteEndpoint handleCancellation
WARNING: Unmatched cancel notification for request id 2541
2022.11.02 16:09:30 WARN  no build target for: C:\Projects\FreeMedia\FreeMedia\app\controllers\base.scala
2022.11.02 16:09:35 WARN  no build target for: C:\Projects\FreeMedia\FreeMedia\app\controllers\base.scala
2022.11.02 16:09:39 WARN  no build target for: C:\Projects\FreeMedia\FreeMedia\app\controllers\base.scala
2022.11.02 16:09:50 WARN  no build target for: C:\Projects\FreeMedia\FreeMedia\app\controllers\base.scala
2022.11.02 16:10:21 WARN  no build target for: C:\Projects\FreeMedia\FreeMedia\app\controllers\base.scala
2022.11.02 16:10:24 WARN  no build target for: C:\Projects\FreeMedia\FreeMedia\app\controllers\base.scala
2022.11.02 16:10:27 WARN  no build target for: C:\Projects\FreeMedia\FreeMedia\app\controllers\base.scala
2022.11.02 16:10:33 WARN  no build target for: C:\Projects\FreeMedia\FreeMedia\app\controllers\base.scala
2022.11.02 16:10:38 WARN  no build target for: C:\Projects\FreeMedia\FreeMedia\app\controllers\base.scala
2022.11.02 16:10:49 WARN  no build target for: C:\Projects\FreeMedia\FreeMedia\app\controllers\base.scala
2022.11.02 16:10:51 WARN  no build target for: C:\Projects\FreeMedia\FreeMedia\app\controllers\base.scala
2022.11.02 16:11:46 WARN  no build target for: C:\Projects\FreeMedia\FreeMedia\app\controllers\base.scala
2022.11.02 16:11:48 WARN  no build target for: C:\Projects\FreeMedia\FreeMedia\app\controllers\base.scala
2022.11.02 16:14:24 WARN  no build target for: C:\Projects\FreeMedia\FreeMedia\app\controllers\base.scala
2022.11.02 16:14:26 WARN  no build target for: C:\Projects\FreeMedia\FreeMedia\app\controllers\base.scala
2022.11.02 16:14:29 WARN  no build target for: C:\Projects\FreeMedia\FreeMedia\app\controllers\base.scala
2022.11.02 16:14:32 WARN  no build target for: C:\Projects\FreeMedia\FreeMedia\app\controllers\base.scala
2022.11.02 16:14:33 WARN  no build target for: C:\Projects\FreeMedia\FreeMedia\app\controllers\base.scala
2022.11.02 16:14:36 WARN  no build target for: C:\Projects\FreeMedia\FreeMedia\app\controllers\base.scala
2022.11.02 16:14:39 WARN  no build target for: C:\Projects\FreeMedia\FreeMedia\app\controllers\base.scala
Nov 02, 2022 4:28:34 PM org.eclipse.lsp4j.jsonrpc.RemoteEndpoint handleCancellation
WARNING: Unmatched cancel notification for request id 2835
2022.11.02 16:28:39 WARN  no build target for: C:\Projects\FreeMedia\FreeMedia\app\controllers\base.scala
2022.11.02 21:42:44 WARN  no build target for: C:\Projects\FreeMedia\FreeMedia\app\controllers\base.scala
2022.11.02 21:42:52 WARN  no build target for: C:\Projects\FreeMedia\FreeMedia\app\controllers\base.scala
2022.11.03 01:01:32 INFO  shutting down Metals
2023.03.25 23:14:37 INFO  Started: Metals version 0.11.11 in workspace 'C:\Projects\FreeMedia\FreeMedia' for client Visual Studio Code 1.76.2.
SLF4J: No SLF4J providers were found.
SLF4J: Defaulting to no-operation (NOP) logger implementation
SLF4J: See https://www.slf4j.org/codes.html#noProviders for further details.
SLF4J: Class path contains SLF4J bindings targeting slf4j-api versions 1.7.x or earlier.
SLF4J: Ignoring binding found at [jar:file:/C:/Users/Siddh/AppData/Local/Coursier/cache/v1/https/repo1.maven.org/maven2/com/outr/scribe-slf4j_2.13/3.11.0/scribe-slf4j_2.13-3.11.0.jar!/org/slf4j/impl/StaticLoggerBinder.class]
SLF4J: See https://www.slf4j.org/codes.html#ignoredBindings for an explanation.
2023.03.25 23:14:39 INFO  time: initialize in 1.31s
2023.03.25 23:14:39 WARN  Build server is not auto-connectable.
2023.03.25 23:18:43 WARN  no build target for: C:\Projects\FreeMedia\FreeMedia\build.sbt
2023.03.25 23:18:45 INFO  no build target found for C:\Projects\FreeMedia\FreeMedia\build.sbt. Using presentation compiler with project's scala-library version: 3.2.2
2023.03.25 23:18:47 INFO  time: code lens generation in 3.44s
2023.03.25 23:20:20 WARN  no build target for: C:\Projects\FreeMedia\FreeMedia\project\plugins.sbt
2023.03.25 23:35:05 WARN  no build target for: C:\Projects\FreeMedia\FreeMedia\app\controllers\HomeController.scala
2023.03.25 23:35:18 WARN  no build target for: C:\Projects\FreeMedia\FreeMedia\app\controllers\base.scala
Mar 25, 2023 11:35:19 PM org.eclipse.lsp4j.jsonrpc.RemoteEndpoint handleCancellation
WARNING: Unmatched cancel notification for request id 30
Mar 25, 2023 11:35:19 PM org.eclipse.lsp4j.jsonrpc.RemoteEndpoint handleCancellation
WARNING: Unmatched cancel notification for request id 35
Mar 26, 2023 12:11:08 AM org.eclipse.lsp4j.jsonrpc.services.GenericEndpoint notify
INFO: Unsupported notification method: $/setTrace
Mar 26, 2023 12:22:24 AM org.eclipse.lsp4j.jsonrpc.RemoteEndpoint handleCancellation
WARNING: Unmatched cancel notification for request id 67
2023.03.26 00:23:20 INFO  Shutting down server
2023.03.26 00:23:20 INFO  shutting down Metals
2023.03.26 00:46:37 INFO  Started: Metals version 0.11.11 in workspace 'C:\Projects\FreeMedia\FreeMedia' for client Visual Studio Code 1.76.2.
SLF4J: No SLF4J providers were found.
SLF4J: Defaulting to no-operation (NOP) logger implementation
SLF4J: See https://www.slf4j.org/codes.html#noProviders for further details.
SLF4J: Class path contains SLF4J bindings targeting slf4j-api versions 1.7.x or earlier.
SLF4J: Ignoring binding found at [jar:file:/C:/Users/Siddh/AppData/Local/Coursier/cache/v1/https/repo1.maven.org/maven2/com/outr/scribe-slf4j_2.13/3.11.0/scribe-slf4j_2.13-3.11.0.jar!/org/slf4j/impl/StaticLoggerBinder.class]
SLF4J: See https://www.slf4j.org/codes.html#ignoredBindings for an explanation.
2023.03.26 00:46:43 INFO  time: initialize in 6.08s
2023.03.26 00:46:46 WARN  Build server is not auto-connectable.
2023.03.26 00:46:46 WARN  no build target for: C:\Projects\FreeMedia\FreeMedia\app\controllers\base.scala
2023.03.26 00:46:51 INFO  no build target found for C:\Projects\FreeMedia\FreeMedia\app\controllers\base.scala. Using presentation compiler with project's scala-library version: 3.2.2
2023.03.26 00:46:57 INFO  time: code lens generation in 4.82s
Mar 26, 2023 2:17:16 AM org.eclipse.lsp4j.jsonrpc.services.GenericEndpoint notify
INFO: Unsupported notification method: $/setTrace
2023.03.26 02:38:01 INFO  Shutting down server
2023.03.26 02:38:01 INFO  shutting down Metals
2023.03.26 02:38:02 INFO  Exiting server
2023.03.26 09:29:53 INFO  Started: Metals version 0.11.11 in workspace 'C:\Projects\FreeMedia\FreeMedia' for client Visual Studio Code 1.76.2.
SLF4J: No SLF4J providers were found.
SLF4J: Defaulting to no-operation (NOP) logger implementation
SLF4J: See https://www.slf4j.org/codes.html#noProviders for further details.
SLF4J: Class path contains SLF4J bindings targeting slf4j-api versions 1.7.x or earlier.
SLF4J: Ignoring binding found at [jar:file:/C:/Users/Siddh/AppData/Local/Coursier/cache/v1/https/repo1.maven.org/maven2/com/outr/scribe-slf4j_2.13/3.11.0/scribe-slf4j_2.13-3.11.0.jar!/org/slf4j/impl/StaticLoggerBinder.class]
SLF4J: See https://www.slf4j.org/codes.html#ignoredBindings for an explanation.
2023.03.26 09:29:54 INFO  time: initialize in 0.83s
2023.03.26 09:29:54 WARN  Build server is not auto-connectable.
2023.03.26 12:03:13 WARN  no build target for: C:\Projects\FreeMedia\FreeMedia\app\actors\ChatActor.scala
2023.03.26 12:03:15 INFO  no build target found for C:\Projects\FreeMedia\FreeMedia\app\actors\ChatActor.scala. Using presentation compiler with project's scala-library version: 3.2.2
2023.03.26 12:03:17 INFO  time: code lens generation in 3.18s
2023.03.26 17:19:56 INFO  Shutting down server
2023.03.26 17:19:56 INFO  shutting down Metals
2023.03.26 17:19:56 INFO  Exiting server
2023.03.26 19:34:44 INFO  Started: Metals version 0.11.11 in workspace 'C:\Projects\FreeMedia\FreeMedia' for client Visual Studio Code 1.76.2.
SLF4J: No SLF4J providers were found.
SLF4J: Defaulting to no-operation (NOP) logger implementation
SLF4J: See https://www.slf4j.org/codes.html#noProviders for further details.
SLF4J: Class path contains SLF4J bindings targeting slf4j-api versions 1.7.x or earlier.
SLF4J: Ignoring binding found at [jar:file:/C:/Users/Siddh/AppData/Local/Coursier/cache/v1/https/repo1.maven.org/maven2/com/outr/scribe-slf4j_2.13/3.11.0/scribe-slf4j_2.13-3.11.0.jar!/org/slf4j/impl/StaticLoggerBinder.class]
SLF4J: See https://www.slf4j.org/codes.html#ignoredBindings for an explanation.
2023.03.26 19:34:45 INFO  time: initialize in 0.68s
2023.03.26 19:34:45 WARN  Build server is not auto-connectable.
2023.03.26 19:35:08 INFO  Shutting down server
2023.03.26 19:35:08 INFO  shutting down Metals
2023.03.26 19:35:08 INFO  Exiting server
2023.03.27 11:10:03 INFO  Started: Metals version 0.11.11 in workspace 'C:\Projects\FreeMedia\FreeMedia' for client Visual Studio Code 1.76.2.
SLF4J: No SLF4J providers were found.
SLF4J: Defaulting to no-operation (NOP) logger implementation
SLF4J: See https://www.slf4j.org/codes.html#noProviders for further details.
SLF4J: Class path contains SLF4J bindings targeting slf4j-api versions 1.7.x or earlier.
SLF4J: Ignoring binding found at [jar:file:/C:/Users/Siddh/AppData/Local/Coursier/cache/v1/https/repo1.maven.org/maven2/com/outr/scribe-slf4j_2.13/3.11.0/scribe-slf4j_2.13-3.11.0.jar!/org/slf4j/impl/StaticLoggerBinder.class]
SLF4J: See https://www.slf4j.org/codes.html#ignoredBindings for an explanation.
2023.03.27 11:10:04 INFO  time: initialize in 1.27s
2023.03.27 11:10:05 WARN  Build server is not auto-connectable.
2023.03.27 11:31:57 INFO  Shutting down server
2023.03.27 11:31:57 INFO  shutting down Metals
2023.03.27 11:31:57 INFO  Exiting server
2023.03.27 21:14:45 INFO  Started: Metals version 0.11.11 in workspace 'C:\Projects\FreeMedia\FreeMedia' for client Visual Studio Code 1.76.2.
SLF4J: No SLF4J providers were found.
SLF4J: Defaulting to no-operation (NOP) logger implementation
SLF4J: See https://www.slf4j.org/codes.html#noProviders for further details.
SLF4J: Class path contains SLF4J bindings targeting slf4j-api versions 1.7.x or earlier.
SLF4J: Ignoring binding found at [jar:file:/C:/Users/Siddh/AppData/Local/Coursier/cache/v1/https/repo1.maven.org/maven2/com/outr/scribe-slf4j_2.13/3.11.0/scribe-slf4j_2.13-3.11.0.jar!/org/slf4j/impl/StaticLoggerBinder.class]
SLF4J: See https://www.slf4j.org/codes.html#ignoredBindings for an explanation.
2023.03.27 21:14:46 INFO  time: initialize in 1.31s
2023.03.27 21:14:47 WARN  Build server is not auto-connectable.
2023.03.27 21:15:47 WARN  no build target for: C:\Projects\FreeMedia\FreeMedia\app\controllers\HomeController.scala
2023.03.27 21:15:50 INFO  no build target found for C:\Projects\FreeMedia\FreeMedia\app\controllers\HomeController.scala. Using presentation compiler with project's scala-library version: 3.2.2
2023.03.27 21:15:51 WARN  no build target for: C:\Projects\FreeMedia\FreeMedia\app\controllers\base.scala
2023.03.27 21:15:55 INFO  time: code lens generation in 7.53s
2023.03.27 21:15:55 INFO  time: code lens generation in 3.8s
2023.03.28 00:25:21 INFO  Shutting down server
2023.03.28 00:25:21 INFO  shutting down Metals
2023.03.28 00:25:22 INFO  Exiting server
2023.04.01 16:59:09 INFO  Started: Metals version 0.11.11 in workspace 'C:\Projects\FreeMedia\FreeMedia' for client Visual Studio Code 1.77.0.
SLF4J: No SLF4J providers were found.
SLF4J: Defaulting to no-operation (NOP) logger implementation
SLF4J: See https://www.slf4j.org/codes.html#noProviders for further details.
SLF4J: Class path contains SLF4J bindings targeting slf4j-api versions 1.7.x or earlier.
SLF4J: Ignoring binding found at [jar:file:/C:/Users/Siddh/AppData/Local/Coursier/cache/v1/https/repo1.maven.org/maven2/com/outr/scribe-slf4j_2.13/3.11.0/scribe-slf4j_2.13-3.11.0.jar!/org/slf4j/impl/StaticLoggerBinder.class]
SLF4J: See https://www.slf4j.org/codes.html#ignoredBindings for an explanation.
2023.04.01 16:59:11 INFO  time: initialize in 1.95s
2023.04.01 16:59:11 WARN  Build server is not auto-connectable.
2023.04.01 16:59:11 WARN  no build target for: C:\Projects\FreeMedia\FreeMedia\app\controllers\base.scala
2023.04.01 16:59:17 INFO  no build target found for C:\Projects\FreeMedia\FreeMedia\app\controllers\base.scala. Using presentation compiler with project's scala-library version: 3.2.2
2023.04.01 16:59:21 INFO  time: code lens generation in 7.35s
2023.04.01 17:02:06 INFO  Shutting down server
2023.04.01 17:02:06 INFO  shutting down Metals
